  MyForm.cpp
C:\Users\senya\source\repos\Animation\Animation\Traj.h(7,11): warning C4570: Trajectory: не был объявлен явно как абстрактный, однако содержит абстрактные функции
C:\Users\senya\source\repos\Animation\Animation\Traj.h(7,11): message : void Trajectory::position(float,cli::array<float,2> ^): абстрактный
C:\Users\senya\source\repos\Animation\Animation\Traj.h(25,15): message : см. объявление "Trajectory::position"
C:\Users\senya\source\repos\Animation\Animation\Traj.h(18,12): warning C4244: аргумент: преобразование "int" в "float", возможна потеря данных
C:\Users\senya\source\repos\Animation\Animation\MyForm.h(657,1): warning C4305: аргумент: усечение из "double" в "float"
C:\Users\senya\source\repos\Animation\Animation\MyForm.h(658,1): warning C4305: аргумент: усечение из "double" в "float"
C:\Users\senya\source\repos\Animation\Animation\MyForm.h(659,1): warning C4305: аргумент: усечение из "double" в "float"
C:\Users\senya\source\repos\Animation\Animation\MyForm.h(660,1): warning C4305: аргумент: усечение из "double" в "float"
C:\Users\senya\source\repos\Animation\Animation\MyForm.h(661,1): warning C4305: аргумент: усечение из "double" в "float"
C:\Users\senya\source\repos\Animation\Animation\MyForm.h(663,1): warning C4305: аргумент: усечение из "double" в "float"
C:\Users\senya\source\repos\Animation\Animation\MyForm.h(664,1): warning C4305: аргумент: усечение из "double" в "float"
C:\Users\senya\source\repos\Animation\Animation\MyForm.h(665,1): warning C4305: аргумент: усечение из "double" в "float"
C:\Users\senya\source\repos\Animation\Animation\MyForm.h(666,1): warning C4305: аргумент: усечение из "double" в "float"
C:\Users\senya\source\repos\Animation\Animation\MyForm.h(667,1): warning C4305: аргумент: усечение из "double" в "float"
C:\Users\senya\source\repos\Animation\Animation\MyForm.h(669,1): warning C4305: аргумент: усечение из "double" в "float"
C:\Users\senya\source\repos\Animation\Animation\MyForm.h(670,1): warning C4305: аргумент: усечение из "double" в "float"
C:\Users\senya\source\repos\Animation\Animation\MyForm.h(671,1): warning C4305: аргумент: усечение из "double" в "float"
C:\Users\senya\source\repos\Animation\Animation\MyForm.h(672,1): warning C4305: аргумент: усечение из "double" в "float"
C:\Users\senya\source\repos\Animation\Animation\MyForm.h(673,1): warning C4305: аргумент: усечение из "double" в "float"
C:\Users\senya\source\repos\Animation\Animation\MyForm.h(675,1): warning C4305: аргумент: усечение из "double" в "float"
C:\Users\senya\source\repos\Animation\Animation\MyForm.h(676,1): warning C4305: аргумент: усечение из "double" в "float"
C:\Users\senya\source\repos\Animation\Animation\MyForm.h(677,1): warning C4305: аргумент: усечение из "double" в "float"
C:\Users\senya\source\repos\Animation\Animation\MyForm.h(678,1): warning C4305: аргумент: усечение из "double" в "float"
C:\Users\senya\source\repos\Animation\Animation\MyForm.h(679,1): warning C4305: аргумент: усечение из "double" в "float"
C:\Users\senya\source\repos\Animation\Animation\MyForm.h(684,1): warning C4305: аргумент: усечение из "double" в "float"
C:\Users\senya\source\repos\Animation\Animation\MyForm.h(685,1): warning C4305: аргумент: усечение из "double" в "float"
C:\Users\senya\source\repos\Animation\Animation\MyForm.h(686,1): warning C4305: аргумент: усечение из "double" в "float"
C:\Users\senya\source\repos\Animation\Animation\MyForm.h(687,1): warning C4305: аргумент: усечение из "double" в "float"
C:\Users\senya\source\repos\Animation\Animation\MyForm.h(688,1): warning C4305: аргумент: усечение из "double" в "float"
C:\Users\senya\source\repos\Animation\Animation\MyForm.h(690,1): warning C4305: аргумент: усечение из "double" в "float"
C:\Users\senya\source\repos\Animation\Animation\MyForm.h(691,1): warning C4305: аргумент: усечение из "double" в "float"
C:\Users\senya\source\repos\Animation\Animation\MyForm.h(692,1): warning C4305: аргумент: усечение из "double" в "float"
C:\Users\senya\source\repos\Animation\Animation\MyForm.h(693,1): warning C4305: аргумент: усечение из "double" в "float"
C:\Users\senya\source\repos\Animation\Animation\MyForm.h(694,1): warning C4305: аргумент: усечение из "double" в "float"
C:\Users\senya\source\repos\Animation\Animation\MyForm.h(696,1): warning C4305: аргумент: усечение из "double" в "float"
C:\Users\senya\source\repos\Animation\Animation\MyForm.h(697,1): warning C4305: аргумент: усечение из "double" в "float"
C:\Users\senya\source\repos\Animation\Animation\MyForm.h(698,1): warning C4305: аргумент: усечение из "double" в "float"
C:\Users\senya\source\repos\Animation\Animation\MyForm.h(699,1): warning C4305: аргумент: усечение из "double" в "float"
C:\Users\senya\source\repos\Animation\Animation\MyForm.h(700,1): warning C4305: аргумент: усечение из "double" в "float"
C:\Users\senya\source\repos\Animation\Animation\MyForm.h(702,1): warning C4305: аргумент: усечение из "double" в "float"
C:\Users\senya\source\repos\Animation\Animation\MyForm.h(703,1): warning C4305: аргумент: усечение из "double" в "float"
C:\Users\senya\source\repos\Animation\Animation\MyForm.h(704,1): warning C4305: аргумент: усечение из "double" в "float"
C:\Users\senya\source\repos\Animation\Animation\MyForm.h(705,1): warning C4305: аргумент: усечение из "double" в "float"
C:\Users\senya\source\repos\Animation\Animation\MyForm.h(706,1): warning C4305: аргумент: усечение из "double" в "float"
C:\Users\senya\source\repos\Animation\Animation\MyForm.h(725,1): warning C4305: аргумент: усечение из "double" в "float"
C:\Users\senya\source\repos\Animation\Animation\MyForm.h(726,1): warning C4305: аргумент: усечение из "double" в "float"
C:\Users\senya\source\repos\Animation\Animation\MyForm.h(727,1): warning C4305: аргумент: усечение из "double" в "float"
C:\Users\senya\source\repos\Animation\Animation\MyForm.h(737,1): warning C4305: аргумент: усечение из "double" в "float"
C:\Users\senya\source\repos\Animation\Animation\MyForm.h(738,1): warning C4305: аргумент: усечение из "double" в "float"
C:\Users\senya\source\repos\Animation\Animation\MyForm.h(741,1): warning C4305: аргумент: усечение из "double" в "float"
C:\Users\senya\source\repos\Animation\Animation\MyForm.h(742,1): warning C4305: аргумент: усечение из "double" в "float"
C:\Users\senya\source\repos\Animation\Animation\MyForm.h(755,1): warning C4305: аргумент: усечение из "double" в "float"
C:\Users\senya\source\repos\Animation\Animation\MyForm.h(759,1): warning C4305: аргумент: усечение из "double" в "float"
C:\Users\senya\source\repos\Animation\Animation\MyForm.h(772,1): warning C4305: аргумент: усечение из "double" в "float"
C:\Users\senya\source\repos\Animation\Animation\MyForm.h(776,1): warning C4305: аргумент: усечение из "double" в "float"
  Source.cpp
C:\Users\senya\source\repos\Animation\Animation\Traj.h(7,11): warning C4570: Trajectory: не был объявлен явно как абстрактный, однако содержит абстрактные функции
C:\Users\senya\source\repos\Animation\Animation\Traj.h(7,11): message : void Trajectory::position(float,cli::array<float,2> ^): абстрактный
C:\Users\senya\source\repos\Animation\Animation\Traj.h(25,15): message : см. объявление "Trajectory::position"
C:\Users\senya\source\repos\Animation\Animation\Traj.h(18,12): warning C4244: аргумент: преобразование "int" в "float", возможна потеря данных
C:\Users\senya\source\repos\Animation\Animation\MyForm.h(657,1): warning C4305: аргумент: усечение из "double" в "float"
C:\Users\senya\source\repos\Animation\Animation\MyForm.h(658,1): warning C4305: аргумент: усечение из "double" в "float"
C:\Users\senya\source\repos\Animation\Animation\MyForm.h(659,1): warning C4305: аргумент: усечение из "double" в "float"
C:\Users\senya\source\repos\Animation\Animation\MyForm.h(660,1): warning C4305: аргумент: усечение из "double" в "float"
C:\Users\senya\source\repos\Animation\Animation\MyForm.h(661,1): warning C4305: аргумент: усечение из "double" в "float"
C:\Users\senya\source\repos\Animation\Animation\MyForm.h(663,1): warning C4305: аргумент: усечение из "double" в "float"
C:\Users\senya\source\repos\Animation\Animation\MyForm.h(664,1): warning C4305: аргумент: усечение из "double" в "float"
C:\Users\senya\source\repos\Animation\Animation\MyForm.h(665,1): warning C4305: аргумент: усечение из "double" в "float"
C:\Users\senya\source\repos\Animation\Animation\MyForm.h(666,1): warning C4305: аргумент: усечение из "double" в "float"
C:\Users\senya\source\repos\Animation\Animation\MyForm.h(667,1): warning C4305: аргумент: усечение из "double" в "float"
C:\Users\senya\source\repos\Animation\Animation\MyForm.h(669,1): warning C4305: аргумент: усечение из "double" в "float"
C:\Users\senya\source\repos\Animation\Animation\MyForm.h(670,1): warning C4305: аргумент: усечение из "double" в "float"
C:\Users\senya\source\repos\Animation\Animation\MyForm.h(671,1): warning C4305: аргумент: усечение из "double" в "float"
C:\Users\senya\source\repos\Animation\Animation\MyForm.h(672,1): warning C4305: аргумент: усечение из "double" в "float"
C:\Users\senya\source\repos\Animation\Animation\MyForm.h(673,1): warning C4305: аргумент: усечение из "double" в "float"
C:\Users\senya\source\repos\Animation\Animation\MyForm.h(675,1): warning C4305: аргумент: усечение из "double" в "float"
C:\Users\senya\source\repos\Animation\Animation\MyForm.h(676,1): warning C4305: аргумент: усечение из "double" в "float"
C:\Users\senya\source\repos\Animation\Animation\MyForm.h(677,1): warning C4305: аргумент: усечение из "double" в "float"
C:\Users\senya\source\repos\Animation\Animation\MyForm.h(678,1): warning C4305: аргумент: усечение из "double" в "float"
C:\Users\senya\source\repos\Animation\Animation\MyForm.h(679,1): warning C4305: аргумент: усечение из "double" в "float"
C:\Users\senya\source\repos\Animation\Animation\MyForm.h(684,1): warning C4305: аргумент: усечение из "double" в "float"
C:\Users\senya\source\repos\Animation\Animation\MyForm.h(685,1): warning C4305: аргумент: усечение из "double" в "float"
C:\Users\senya\source\repos\Animation\Animation\MyForm.h(686,1): warning C4305: аргумент: усечение из "double" в "float"
C:\Users\senya\source\repos\Animation\Animation\MyForm.h(687,1): warning C4305: аргумент: усечение из "double" в "float"
C:\Users\senya\source\repos\Animation\Animation\MyForm.h(688,1): warning C4305: аргумент: усечение из "double" в "float"
C:\Users\senya\source\repos\Animation\Animation\MyForm.h(690,1): warning C4305: аргумент: усечение из "double" в "float"
C:\Users\senya\source\repos\Animation\Animation\MyForm.h(691,1): warning C4305: аргумент: усечение из "double" в "float"
C:\Users\senya\source\repos\Animation\Animation\MyForm.h(692,1): warning C4305: аргумент: усечение из "double" в "float"
C:\Users\senya\source\repos\Animation\Animation\MyForm.h(693,1): warning C4305: аргумент: усечение из "double" в "float"
C:\Users\senya\source\repos\Animation\Animation\MyForm.h(694,1): warning C4305: аргумент: усечение из "double" в "float"
C:\Users\senya\source\repos\Animation\Animation\MyForm.h(696,1): warning C4305: аргумент: усечение из "double" в "float"
C:\Users\senya\source\repos\Animation\Animation\MyForm.h(697,1): warning C4305: аргумент: усечение из "double" в "float"
C:\Users\senya\source\repos\Animation\Animation\MyForm.h(698,1): warning C4305: аргумент: усечение из "double" в "float"
C:\Users\senya\source\repos\Animation\Animation\MyForm.h(699,1): warning C4305: аргумент: усечение из "double" в "float"
C:\Users\senya\source\repos\Animation\Animation\MyForm.h(700,1): warning C4305: аргумент: усечение из "double" в "float"
C:\Users\senya\source\repos\Animation\Animation\MyForm.h(702,1): warning C4305: аргумент: усечение из "double" в "float"
C:\Users\senya\source\repos\Animation\Animation\MyForm.h(703,1): warning C4305: аргумент: усечение из "double" в "float"
C:\Users\senya\source\repos\Animation\Animation\MyForm.h(704,1): warning C4305: аргумент: усечение из "double" в "float"
C:\Users\senya\source\repos\Animation\Animation\MyForm.h(705,1): warning C4305: аргумент: усечение из "double" в "float"
C:\Users\senya\source\repos\Animation\Animation\MyForm.h(706,1): warning C4305: аргумент: усечение из "double" в "float"
C:\Users\senya\source\repos\Animation\Animation\MyForm.h(725,1): warning C4305: аргумент: усечение из "double" в "float"
C:\Users\senya\source\repos\Animation\Animation\MyForm.h(726,1): warning C4305: аргумент: усечение из "double" в "float"
C:\Users\senya\source\repos\Animation\Animation\MyForm.h(727,1): warning C4305: аргумент: усечение из "double" в "float"
C:\Users\senya\source\repos\Animation\Animation\MyForm.h(737,1): warning C4305: аргумент: усечение из "double" в "float"
C:\Users\senya\source\repos\Animation\Animation\MyForm.h(738,1): warning C4305: аргумент: усечение из "double" в "float"
C:\Users\senya\source\repos\Animation\Animation\MyForm.h(741,1): warning C4305: аргумент: усечение из "double" в "float"
C:\Users\senya\source\repos\Animation\Animation\MyForm.h(742,1): warning C4305: аргумент: усечение из "double" в "float"
C:\Users\senya\source\repos\Animation\Animation\MyForm.h(755,1): warning C4305: аргумент: усечение из "double" в "float"
C:\Users\senya\source\repos\Animation\Animation\MyForm.h(759,1): warning C4305: аргумент: усечение из "double" в "float"
C:\Users\senya\source\repos\Animation\Animation\MyForm.h(772,1): warning C4305: аргумент: усечение из "double" в "float"
C:\Users\senya\source\repos\Animation\Animation\MyForm.h(776,1): warning C4305: аргумент: усечение из "double" в "float"
C:\Users\senya\source\repos\Animation\Animation\Source.cpp(6,1): warning C4829: Возможно, неправильные параметры функции main. Рекомендуемый вариант - "int main(Platform::Array<Platform::String^>^ argv)"
  Создание кода...
  MyForm.obj : обнаружен модуль MSIL; для MSIL последовательная компоновка отключена; выполняется полная компоновка
  Animation.vcxproj -> C:\Users\senya\source\repos\Animation\x64\Debug\Animation.exe
